0 info it worked if it ends with ok
1 verbose cli [ 'C:\\Program Files\\nodejs\\\\node.exe',
1 verbose cli   'C:\\Program Files\\nodejs\\node_modules\\npm\\bin\\npm-cli.js',
1 verbose cli   'install',
1 verbose cli   'firbase-tools' ]
2 info using npm@1.4.28
3 info using node@v0.10.32
4 verbose node symlink C:\Program Files\nodejs\\node.exe
5 warn package.json angnews@0.0.0 No description
6 warn package.json angnews@0.0.0 No repository field.
7 warn package.json angnews@0.0.0 No README data
8 verbose readDependencies using package.json deps
9 verbose cache add [ 'firbase-tools', null ]
10 verbose cache add name=undefined spec="firbase-tools" args=["firbase-tools",null]
11 verbose parsed url { protocol: null,
11 verbose parsed url   slashes: null,
11 verbose parsed url   auth: null,
11 verbose parsed url   host: null,
11 verbose parsed url   port: null,
11 verbose parsed url   hostname: null,
11 verbose parsed url   hash: null,
11 verbose parsed url   search: null,
11 verbose parsed url   query: null,
11 verbose parsed url   pathname: 'firbase-tools',
11 verbose parsed url   path: 'firbase-tools',
11 verbose parsed url   href: 'firbase-tools' }
12 silly lockFile 43d37e80-firbase-tools firbase-tools
13 verbose lock firbase-tools C:\Users\®©CRUSADER©®\AppData\Roaming\npm-cache\43d37e80-firbase-tools.lock
14 silly lockFile 43d37e80-firbase-tools firbase-tools
15 silly lockFile 43d37e80-firbase-tools firbase-tools
16 verbose addNamed [ 'firbase-tools', '' ]
17 verbose addNamed [ null, '*' ]
18 silly lockFile f7470ba0-firbase-tools firbase-tools@
19 verbose lock firbase-tools@ C:\Users\®©CRUSADER©®\AppData\Roaming\npm-cache\f7470ba0-firbase-tools.lock
20 silly addNameRange { name: 'firbase-tools', range: '*', hasData: false }
21 verbose request where is /firbase-tools
22 verbose request registry https://registry.npmjs.org/
23 verbose request id c60394f2743f0579
24 verbose url raw /firbase-tools
25 verbose url resolving [ 'https://registry.npmjs.org/', './firbase-tools' ]
26 verbose url resolved https://registry.npmjs.org/firbase-tools
27 verbose request where is https://registry.npmjs.org/firbase-tools
28 info trying registry request attempt 1 at 11:59:04
29 http GET https://registry.npmjs.org/firbase-tools
30 http 404 https://registry.npmjs.org/firbase-tools
31 verbose headers { date: 'Tue, 06 Jan 2015 16:59:05 GMT',
31 verbose headers   server: 'CouchDB/1.5.0 (Erlang OTP/R14B04)',
31 verbose headers   'content-type': 'application/json',
31 verbose headers   'cache-control': 'max-age=0',
31 verbose headers   'content-length': '52',
31 verbose headers   'accept-ranges': 'bytes',
31 verbose headers   via: '1.1 varnish',
31 verbose headers   age: '0',
31 verbose headers   'x-served-by': 'cache-jfk1020-JFK',
31 verbose headers   'x-cache': 'MISS',
31 verbose headers   'x-cache-hits': '0',
31 verbose headers   'x-timer': 'S1420563545.642164,VS0,VE25',
31 verbose headers   'keep-alive': 'timeout=10, max=50',
31 verbose headers   connection: 'Keep-Alive' }
32 silly registry.get cb [ 404,
32 silly registry.get   { date: 'Tue, 06 Jan 2015 16:59:05 GMT',
32 silly registry.get     server: 'CouchDB/1.5.0 (Erlang OTP/R14B04)',
32 silly registry.get     'content-type': 'application/json',
32 silly registry.get     'cache-control': 'max-age=0',
32 silly registry.get     'content-length': '52',
32 silly registry.get     'accept-ranges': 'bytes',
32 silly registry.get     via: '1.1 varnish',
32 silly registry.get     age: '0',
32 silly registry.get     'x-served-by': 'cache-jfk1020-JFK',
32 silly registry.get     'x-cache': 'MISS',
32 silly registry.get     'x-cache-hits': '0',
32 silly registry.get     'x-timer': 'S1420563545.642164,VS0,VE25',
32 silly registry.get     'keep-alive': 'timeout=10, max=50',
32 silly registry.get     connection: 'Keep-Alive' } ]
33 silly lockFile f7470ba0-firbase-tools firbase-tools@
34 silly lockFile f7470ba0-firbase-tools firbase-tools@
35 error 404 404 Not Found: firbase-tools
35 error 404
35 error 404 'firbase-tools' is not in the npm registry.
35 error 404 You should bug the author to publish it
35 error 404 It was specified as a dependency of 'angnews'
35 error 404
35 error 404 Note that you can also install from a
35 error 404 tarball, folder, or http url, or git url.
36 error System Windows_NT 6.2.9200
37 error command "C:\\Program Files\\nodejs\\\\node.exe" "C:\\Program Files\\nodejs\\node_modules\\npm\\bin\\npm-cli.js" "install" "firbase-tools"
38 error cwd c:\projects\ang-news
39 error node -v v0.10.32
40 error npm -v 1.4.28
41 error code E404
42 verbose exit [ 1, true ]
